d:\git\비트 초급\bitclass\project3\project3\debug\vc142.pdb
d:\git\비트 초급\bitclass\project3\project3\debug\vc142.idb
d:\git\비트 초급\bitclass\project3\project3\debug\생성자.obj
d:\git\비트 초급\bitclass\project3\project3\debug\맴버접근지정자.obj
d:\git\비트 초급\bitclass\project3\project3\debug\데이터은닉.obj
d:\git\비트 초급\bitclass\project3\project3\debug\소멸자.obj
d:\git\비트 초급\bitclass\project3\project3\debug\최종코드.obj
d:\git\비트 초급\bitclass\project3\project3\debug\real.obj
c:\users\강건\documents\github\bitclass\project3\project3\debug\vc142.pdb
c:\users\강건\documents\github\bitclass\project3\project3\debug\vc142.idb
c:\users\강건\documents\github\bitclass\project3\project3\debug\real.obj
d:\git\비트 초급\bitclass\project3\debug\project3.ilk
d:\git\비트 초급\bitclass\project3\debug\project3.exe
d:\git\비트 초급\bitclass\project3\debug\project3.pdb
c:\users\강건\documents\github\bitclass\project3\debug\project3.ilk
c:\users\강건\documents\github\bitclass\project3\debug\project3.exe
c:\users\강건\documents\github\bitclass\project3\debug\project3.pdb
c:\users\강건\documents\github\bitclass\project3\project3\debug\데이터은닉.obj
c:\users\강건\documents\github\bitclass\project3\project3\debug\맴버접근지정자.obj
c:\users\강건\documents\github\bitclass\project3\project3\debug\생성자.obj
c:\users\강건\documents\github\bitclass\project3\project3\debug\소멸자.obj
c:\users\강건\documents\github\bitclass\project3\project3\debug\최종코드.obj
c:\users\강건\documents\github\bitclass\project3\project3\debug\project3.tlog\cl.command.1.tlog
c:\users\강건\documents\github\bitclass\project3\project3\debug\project3.tlog\cl.read.1.tlog
c:\users\강건\documents\github\bitclass\project3\project3\debug\project3.tlog\cl.write.1.tlog
c:\users\강건\documents\github\bitclass\project3\project3\debug\project3.tlog\link.command.1.tlog
c:\users\강건\documents\github\bitclass\project3\project3\debug\project3.tlog\link.read.1.tlog
c:\users\강건\documents\github\bitclass\project3\project3\debug\project3.tlog\link.write.1.tlog
