c:\users\강건\source\repos\0928accountclient\0924accountdb\debug\vc142.pdb
c:\users\강건\source\repos\0928accountclient\0924accountdb\debug\vc142.idb
c:\users\강건\source\repos\0928accountclient\0924accountdb\debug\소스.obj
c:\users\강건\source\repos\0928accountclient\0924accountdb\debug\wbclient.obj
c:\users\강건\source\repos\0928accountclient\0924accountdb\debug\ui.obj
c:\users\강건\source\repos\0928accountclient\0924accountdb\debug\packet.obj
c:\users\강건\source\repos\0928accountclient\0924accountdb\debug\handler.obj
c:\users\강건\source\repos\0928accountclient\0924accountdb\debug\control.obj
c:\users\강건\source\repos\0928accountclient\debug\0924accountdb.exe
c:\users\강건\source\repos\0928accountclient\debug\0924accountdb.ilk
c:\users\강건\source\repos\0928accountclient\debug\0924accountdb.pdb
c:\users\강건\source\repos\0928accountclient\0924accountdb\debug\0924accountdb.res
c:\users\강건\source\repos\0928accountclient\0924accountdb\debug\0924accountdb.tlog\cl.command.1.tlog
c:\users\강건\source\repos\0928accountclient\0924accountdb\debug\0924accountdb.tlog\cl.read.1.tlog
c:\users\강건\source\repos\0928accountclient\0924accountdb\debug\0924accountdb.tlog\cl.write.1.tlog
c:\users\강건\source\repos\0928accountclient\0924accountdb\debug\0924accountdb.tlog\link.command.1.tlog
c:\users\강건\source\repos\0928accountclient\0924accountdb\debug\0924accountdb.tlog\link.read.1.tlog
c:\users\강건\source\repos\0928accountclient\0924accountdb\debug\0924accountdb.tlog\link.write.1.tlog
c:\users\강건\source\repos\0928accountclient\0924accountdb\debug\0924accountdb.tlog\rc.command.1.tlog
c:\users\강건\source\repos\0928accountclient\0924accountdb\debug\0924accountdb.tlog\rc.read.1.tlog
c:\users\강건\source\repos\0928accountclient\0924accountdb\debug\0924accountdb.tlog\rc.write.1.tlog
